<?xml version="1.0" ?>
<!DOCTYPE coverage SYSTEM "http://cobertura.sourceforge.net/xml/coverage-04.dtd">
<coverage lines-valid="5310" lines-covered="4693" line-rate="0.8837999999999999" branches-valid="1493" branches-covered="1301" branch-rate="0.8713" timestamp="1697722613207" complexity="0" version="0.1">
  <sources>
    <source>C:\Users\AdminJason\Desktop\ZOW\asm80-core</source>
  </sources>
  <packages>
    <package name="asm80-core" line-rate="0.8645999999999999" branch-rate="0.8835">
      <classes>
        <class name="beautify.js" filename="beautify.js" line-rate="1" branch-rate="1">
          <methods>
            <method name="emptymask" hits="1" signature="()V">
              <lines>
                <line number="5" hits="1"/>
              </lines>
            </method>
            <method name="beautify" hits="1" signature="()V">
              <lines>
                <line number="19" hits="1"/>
              </lines>
            </method>
          </methods>
          <lines>
            <line number="1" hits="1" branch="true" condition-coverage="100% (1/1)"/>
            <line number="2" hits="1" branch="false"/>
            <line number="3" hits="1" branch="false"/>
            <line number="4" hits="1" branch="false"/>
            <line number="5" hits="1" branch="true" condition-coverage="100% (1/1)"/>
            <line number="6" hits="1" branch="true" condition-coverage="100% (1/1)"/>
            <line number="7" hits="61" branch="false"/>
            <line number="8" hits="61" branch="false"/>
            <line number="9" hits="61" branch="false"/>
            <line number="10" hits="61" branch="false"/>
            <line number="11" hits="61" branch="false"/>
            <line number="12" hits="61" branch="false"/>
            <line number="13" hits="61" branch="true" condition-coverage="100% (1/1)"/>
            <line number="14" hits="31" branch="false"/>
            <line number="15" hits="31" branch="false"/>
            <line number="16" hits="61" branch="true" condition-coverage="100% (2/2)"/>
            <line number="17" hits="1" branch="false"/>
            <line number="18" hits="1" branch="false"/>
            <line number="19" hits="1" branch="true" condition-coverage="100% (1/1)"/>
            <line number="20" hits="1" branch="false"/>
            <line number="21" hits="1" branch="false"/>
            <line number="22" hits="1" branch="false"/>
            <line number="23" hits="1" branch="false"/>
            <line number="24" hits="1" branch="false"/>
            <line number="25" hits="1" branch="false"/>
            <line number="26" hits="1" branch="false"/>
            <line number="27" hits="1" branch="false"/>
            <line number="28" hits="1" branch="true" condition-coverage="100% (1/1)"/>
            <line number="29" hits="61" branch="false"/>
            <line number="30" hits="61" branch="false"/>
            <line number="31" hits="61" branch="false"/>
            <line number="32" hits="1" branch="false"/>
            <line number="33" hits="1" branch="false"/>
            <line number="34" hits="1" branch="false"/>
            <line number="35" hits="1" branch="true" condition-coverage="100% (1/1)"/>
            <line number="36" hits="61" branch="false"/>
            <line number="37" hits="61" branch="false"/>
            <line number="38" hits="61" branch="true" condition-coverage="100% (1/1)"/>
            <line number="39" hits="9" branch="false"/>
            <line number="40" hits="9" branch="false"/>
            <line number="41" hits="9" branch="false"/>
            <line number="42" hits="52" branch="true" condition-coverage="100% (1/1)"/>
            <line number="43" hits="61" branch="true" condition-coverage="100% (3/3)"/>
            <line number="44" hits="2" branch="false"/>
            <line number="45" hits="2" branch="false"/>
            <line number="46" hits="2" branch="false"/>
            <line number="47" hits="50" branch="true" condition-coverage="100% (1/1)"/>
            <line number="48" hits="61" branch="true" condition-coverage="100% (1/1)"/>
            <line number="49" hits="12" branch="false"/>
            <line number="50" hits="12" branch="true" condition-coverage="100% (3/3)"/>
            <line number="51" hits="12" branch="false"/>
            <line number="52" hits="12" branch="false"/>
            <line number="53" hits="61" branch="true" condition-coverage="100% (2/2)"/>
            <line number="54" hits="528" branch="false"/>
            <line number="55" hits="528" branch="false"/>
            <line number="56" hits="61" branch="true" condition-coverage="100% (2/2)"/>
            <line number="57" hits="49" branch="false"/>
            <line number="58" hits="49" branch="false"/>
            <line number="59" hits="61" branch="true" condition-coverage="100% (2/2)"/>
            <line number="60" hits="192" branch="false"/>
            <line number="61" hits="192" branch="false"/>
            <line number="62" hits="50" branch="true" condition-coverage="100% (1/1)"/>
            <line number="63" hits="50" branch="false"/>
            <line number="64" hits="50" branch="false"/>
            <line number="65" hits="61" branch="true" condition-coverage="100% (1/1)"/>
            <line number="66" hits="3" branch="false"/>
            <line number="67" hits="3" branch="false"/>
            <line number="68" hits="50" branch="true" condition-coverage="100% (1/1)"/>
            <line number="69" hits="50" branch="false"/>
            <line number="70" hits="50" branch="false"/>
            <line number="71" hits="1" branch="false"/>
            <line number="72" hits="1" branch="false"/>
          </lines>
        </class>
        <class name="expression-parser.js" filename="expression-parser.js" line-rate="0.7298" branch-rate="0.8343">
          <methods>
            <method name="object" hits="4239" signature="()V">
              <lines>
                <line number="31" hits="4239"/>
              </lines>
            </method>
            <method name="F" hits="4239" signature="()V">
              <lines>
                <line number="32" hits="4239"/>
              </lines>
            </method>
            <method name="Token" hits="1931" signature="()V">
              <lines>
                <line number="43" hits="1931"/>
              </lines>
            </method>
            <method name="Token.toString" hits="0" signature="()V">
              <lines>
                <line number="48" hits="0"/>
              </lines>
            </method>
            <method name="Expression" hits="1413" signature="()V">
              <lines>
                <line number="64" hits="1413"/>
              </lines>
            </method>
            <method name="escapeValue" hits="0" signature="()V">
              <lines>
                <line number="85" hits="0"/>
              </lines>
            </method>
            <method name="simplify" hits="0" signature="()V">
              <lines>
                <line number="101" hits="0"/>
              </lines>
            </method>
            <method name="substitute" hits="0" signature="()V">
              <lines>
                <line number="144" hits="0"/>
              </lines>
            </method>
            <method name="evaluate" hits="1268" signature="()V">
              <lines>
                <line number="170" hits="1268"/>
              </lines>
            </method>
            <method name="usage" hits="145" signature="()V">
              <lines>
                <line number="243" hits="145"/>
              </lines>
            </method>
            <method name="toString" hits="0" signature="()V">
              <lines>
                <line number="310" hits="0"/>
              </lines>
            </method>
            <method name="variables" hits="0" signature="()V">
              <lines>
                <line number="356" hits="0"/>
              </lines>
            </method>
            <method name="toJSFunction" hits="0" signature="()V">
              <lines>
                <line number="369" hits="0"/>
              </lines>
            </method>
            <method name="stringCode" hits="0" signature="()V">
              <lines>
                <line number="375" hits="0"/>
              </lines>
            </method>
            <method name="add" hits="49" signature="()V">
              <lines>
                <line number="384" hits="49"/>
              </lines>
            </method>
            <method name="fand" hits="23" signature="()V">
              <lines>
                <line number="394" hits="23"/>
              </lines>
            </method>
            <method name="fnebo" hits="11" signature="()V">
              <lines>
                <line number="398" hits="11"/>
              </lines>
            </method>
            <method name="fbequ" hits="12" signature="()V">
              <lines>
                <line number="402" hits="12"/>
              </lines>
            </method>
            <method name="fbnequ" hits="12" signature="()V">
              <lines>
                <line number="406" hits="12"/>
              </lines>
            </method>
            <method name="fblt" hits="11" signature="()V">
              <lines>
                <line number="410" hits="11"/>
              </lines>
            </method>
            <method name="fbgt" hits="11" signature="()V">
              <lines>
                <line number="414" hits="11"/>
              </lines>
            </method>
            <method name="fble" hits="11" signature="()V">
              <lines>
                <line number="418" hits="11"/>
              </lines>
            </method>
            <method name="fbge" hits="11" signature="()V">
              <lines>
                <line number="422" hits="11"/>
              </lines>
            </method>
            <method name="sub" hits="11" signature="()V">
              <lines>
                <line number="426" hits="11"/>
              </lines>
            </method>
            <method name="mul" hits="23" signature="()V">
              <lines>
                <line number="436" hits="23"/>
              </lines>
            </method>
            <method name="div" hits="12" signature="()V">
              <lines>
                <line number="445" hits="12"/>
              </lines>
            </method>
            <method name="mod" hits="22" signature="()V">
              <lines>
                <line number="449" hits="22"/>
              </lines>
            </method>
            <method name="concat" hits="12" signature="()V">
              <lines>
                <line number="453" hits="12"/>
              </lines>
            </method>
            <method name="neg" hits="3" signature="()V">
              <lines>
                <line number="457" hits="3"/>
              </lines>
            </method>
            <method name="random" hits="0" signature="()V">
              <lines>
                <line number="461" hits="0"/>
              </lines>
            </method>
            <method name="fac" hits="0" signature="()V">
              <lines>
                <line number="465" hits="0"/>
              </lines>
            </method>
            <method name="pyt" hits="0" signature="()V">
              <lines>
                <line number="476" hits="0"/>
              </lines>
            </method>
            <method name="near" hits="0" signature="()V">
              <lines>
                <line number="480" hits="0"/>
              </lines>
            </method>
            <method name="append" hits="0" signature="()V">
              <lines>
                <line number="487" hits="0"/>
              </lines>
            </method>
            <method name="lsb" hits="9" signature="()V">
              <lines>
                <line number="496" hits="9"/>
              </lines>
            </method>
            <method name="msb" hits="9" signature="()V">
              <lines>
                <line number="500" hits="9"/>
              </lines>
            </method>
            <method name="Parser" hits="1417" signature="()V">
              <lines>
                <line number="504" hits="1417"/>
              </lines>
            </method>
            <method name="Parser.parse" hits="1417" signature="()V">
              <lines>
                <line number="575" hits="1417"/>
              </lines>
            </method>
            <method name="Parser.usage" hits="149" signature="()V">
              <lines>
                <line number="579" hits="149"/>
              </lines>
            </method>
            <method name="Parser.evaluate" hits="1268" signature="()V">
              <lines>
                <line number="583" hits="1268"/>
              </lines>
            </method>
            <method name="lsb" hits="0" signature="()V">
              <lines>
                <line number="591" hits="0"/>
              </lines>
            </method>
            <method name="msb" hits="0" signature="()V">
              <lines>
                <line number="594" hits="0"/>
              </lines>
            </method>
            <method name="parse" hits="1417" signature="()V">
              <lines>
                <line number="633" hits="1417"/>
              </lines>
            </method>
            <method name="evaluate" hits="0" signature="()V">
              <lines>
                <line number="764" hits="0"/>
              </lines>
            </method>
            <method name="error_parsing" hits="4" signature="()V">
              <lines>
                <line number="770" hits="4"/>
              </lines>
            </method>
            <method name="addfunc" hits="270" signature="()V">
              <lines>
                <line number="778" hits="270"/>
              </lines>
            </method>
            <method name="isNumber" hits="2304" signature="()V">
              <lines>
                <line number="790" hits="2304"/>
              </lines>
            </method>
            <method name="unescape" hits="138" signature="()V">
              <lines>
                <line number="901" hits="138"/>
              </lines>
            </method>
            <method name="isString" hits="821" signature="()V">
              <lines>
                <line number="956" hits="821"/>
              </lines>
            </method>
            <method name="isConst" hits="631" signature="()V">
              <lines>
                <line number="979" hits="631"/>
              </lines>
            </method>
            <method name="isOperator" hits="1068" signature="()V">
              <lines>
                <line number="996" hits="1068"/>
              </lines>
            </method>
            <method name="isSign" hits="247" signature="()V">
              <lines>
                <line number="1102" hits="247"/>
              </lines>
            </method>
            <method name="isPositiveSign" hits="0" signature="()V">
              <lines>
                <line number="1111" hits="0"/>
              </lines>
            </method>
            <method name="isNegativeSign" hits="4" signature="()V">
              <lines>
                <line number="1120" hits="4"/>
              </lines>
            </method>
            <method name="isLeftParenth" hits="683" signature="()V">
              <lines>
                <line number="1129" hits="683"/>
              </lines>
            </method>
            <method name="isRightParenth" hits="657" signature="()V">
              <lines>
                <line number="1140" hits="657"/>
              </lines>
            </method>
            <method name="isComma" hits="631" signature="()V">
              <lines>
                <line number="1151" hits="631"/>
              </lines>
            </method>
            <method name="isWhite" hits="318" signature="()V">
              <lines>
                <line number="1163" hits="318"/>
              </lines>
            </method>
            <method name="isOp1" hits="631" signature="()V">
              <lines>
                <line number="1172" hits="631"/>
              </lines>
            </method>
            <method name="isOp2" hits="631" signature="()V">
              <lines>
                <line number="1192" hits="631"/>
              </lines>
            </method>
            <method name="isVar" hits="609" signature="()V">
              <lines>
                <line number="1212" hits="609"/>
              </lines>
            </method>
            <method name="isComment" hits="243" signature="()V">
              <lines>
                <line number="1240" hits="243"/>
              </lines>
            </method>
          </methods>
          <lines>
            <line number="1" hits="1" branch="true" condition-coverage="100% (1/1)"/>
            <line number="2" hits="1" branch="false"/>
            <line number="3" hits="1" branch="false"/>
            <line number="4" hits="1" branch="false"/>
            <line number="5" hits="1" branch="false"/>
            <line number="6" hits="1" branch="false"/>
            <line number="7" hits="1" branch="false"/>
            <line number="8" hits="1" branch="false"/>
            <line number="9" hits="1" branch="false"/>
            <line number="10" hits="1" branch="false"/>
            <line number="11" hits="1" branch="false"/>
            <line number="12" hits="1" branch="false"/>
            <line number="13" hits="1" branch="false"/>
            <line number="14" hits="1" branch="false"/>
            <line number="15" hits="1" branch="false"/>
            <line number="16" hits="1" branch="false"/>
            <line number="17" hits="1" branch="false"/>
            <line number="18" hits="1" branch="false"/>
            <line number="19" hits="1" branch="false"/>
            <line number="20" hits="1" branch="false"/>
            <line number="21" hits="1" branch="false"/>
            <line number="22" hits="1" branch="false"/>
            <line number="23" hits="1" branch="false"/>
            <line number="24" hits="1" branch="false"/>
            <line number="25" hits="1" branch="false"/>
            <line number="26" hits="1" branch="false"/>
            <line number="27" hits="1" branch="false"/>
            <line number="28" hits="1" branch="false"/>
            <line number="29" hits="1" branch="false"/>
            <line number="30" hits="1" branch="false"/>
            <line number="31" hits="4239" branch="true" condition-coverage="100% (1/1)"/>
            <line number="32" hits="4239" branch="true" condition-coverage="100% (1/1)"/>
            <line number="33" hits="4239" branch="false"/>
            <line number="34" hits="4239" branch="false"/>
            <line number="35" hits="4239" branch="false"/>
            <line number="36" hits="1" branch="false"/>
            <line number="37" hits="1" branch="false"/>
            <line number="38" hits="1" branch="false"/>
            <line number="39" hits="1" branch="false"/>
            <line number="40" hits="1" branch="false"/>
            <line number="41" hits="1" branch="false"/>
            <line number="42" hits="1" branch="false"/>
            <line number="43" hits="1" branch="true" condition-coverage="100% (1/1)"/>
            <line number="44" hits="1931" branch="false"/>
            <line number="45" hits="1931" branch="true" condition-coverage="100% (1/1)"/>
            <line number="46" hits="1931" branch="true" condition-coverage="100% (1/1)"/>
            <line number="47" hits="1931" branch="true" condition-coverage="0% (0/1)"/>
            <line number="48" hits="1931" branch="false"/>
            <line number="49" hits="0" branch="false"/>
            <line number="50" hits="0" branch="false"/>
            <line number="51" hits="0" branch="false"/>
            <line number="52" hits="0" branch="false"/>
            <line number="53" hits="0" branch="false"/>
            <line number="54" hits="0" branch="false"/>
            <line number="55" hits="0" branch="false"/>
            <line number="56" hits="0" branch="false"/>
            <line number="57" hits="0" branch="false"/>
            <line number="58" hits="0" branch="false"/>
            <line number="59" hits="0" branch="false"/>
            <line number="60" hits="0" branch="false"/>
            <line number="61" hits="1931" branch="false"/>
            <line number="62" hits="1931" branch="false"/>
            <line number="63" hits="1" branch="false"/>
            <line number="64" hits="1413" branch="true" condition-coverage="100% (1/1)"/>
            <line number="65" hits="1413" branch="false"/>
            <line number="66" hits="1413" branch="false"/>
            <line number="67" hits="1413" branch="false"/>
            <line number="68" hits="1413" branch="false"/>
            <line number="69" hits="1413" branch="false"/>
            <line number="70" hits="1" branch="false"/>
            <line number="71" hits="1" branch="false"/>
            <line number="72" hits="1" branch="false"/>
            <line number="73" hits="1" branch="false"/>
            <line number="74" hits="1" branch="false"/>
            <line number="75" hits="1" branch="false"/>
            <line number="76" hits="1" branch="false"/>
            <line number="77" hits="1" branch="false"/>
            <line number="78" hits="1" branch="false"/>
            <line number="79" hits="1" branch="false"/>
            <line number="80" hits="1" branch="false"/>
            <line number="81" hits="1" branch="false"/>
            <line number="82" hits="1" branch="false"/>
            <line number="83" hits="1" branch="false"/>
            <line number="84" hits="1" branch="false"/>
            <line number="85" hits="0" branch="false"/>
            <line number="86" hits="0" branch="false"/>
            <line number="87" hits="0" branch="false"/>
            <line number="88" hits="0" branch="false"/>
            <line number="89" hits="0" branch="false"/>
            <line number="90" hits="0" branch="false"/>
            <line number="91" hits="0" branch="false"/>
            <line number="92" hits="0" branch="false"/>
            <line number="93" hits="0" branch="false"/>
            <line number="94" hits="0" branch="false"/>
            <line number="95" hits="0" branch="false"/>
            <line number="96" hits="0" branch="false"/>
            <line number="97" hits="0" branch="false"/>
            <line number="98" hits="0" branch="false"/>
            <line number="99" hits="1" branch="false"/>
            <line number="100" hits="1" branch="false"/>
            <line number="101" hits="1" branch="false"/>
            <line number="102" hits="0" branch="false"/>
            <line number="103" hits="0" branch="false"/>
            <line number="104" hits="0" branch="false"/>
            <line number="105" hits="0" branch="false"/>
            <line number="106" hits="0" branch="false"/>
            <line number="107" hits="0" branch="false"/>
            <line number="108" hits="0" branch="false"/>
            <line number="109" hits="0" branch="false"/>
            <line number="110" hits="0" branch="false"/>
            <line number="111" hits="0" branch="false"/>
            <line number="112" hits="0" branch="false"/>
            <line number="113" hits="0" branch="false"/>
            <line number="114" hits="0" branch="false"/>
            <line number="115" hits="0" branch="false"/>
            <line number="116" hits="0" branch="false"/>
            <line number="117" hits="0" branch="false"/>
            <line number="118" hits="0" branch="false"/>
            <line number="119" hits="0" branch="false"/>
            <line number="120" hits="0" branch="false"/>
            <line number="121" hits="0" branch="false"/>
            <line number="122" hits="0" branch="false"/>
            <line number="123" hits="0" branch="false"/>
            <line number="124" hits="0" branch="false"/>
            <line number="125" hits="0" branch="false"/>
            <line number="126" hits="0" branch="false"/>
            <line number="127" hits="0" branch="false"/>
            <line number="128" hits="0" branch="false"/>
            <line number="129" hits="0" branch="false"/>
            <line number="130" hits="0" branch="false"/>
            <line number="131" hits="0" branch="false"/>
            <line number="132" hits="0" branch="false"/>
            <line number="133" hits="0" branch="false"/>
            <line number="134" hits="0" branch="false"/>
            <line number="135" hits="0" branch="false"/>
            <line number="136" hits="0" branch="false"/>
            <line number="137" hits="0" branch="false"/>
            <line number="138" hits="0" branch="false"/>
            <line number="139" hits="0" branch="false"/>
            <line number="140" hits="0" branch="false"/>
            <line number="141" hits="0" branch="false"/>
            <line number="142" hits="1" branch="false"/>
            <line number="143" hits="1" branch="false"/>
            <line number="144" hits="1" branch="false"/>
            <line number="145" hits="0" branch="false"/>
            <line number="146" hits="0" branch="false"/>
            <line number="147" hits="0" branch="false"/>
            <line number="148" hits="0" branch="false"/>
            <line number="149" hits="0" branch="false"/>
            <line number="150" hits="0" branch="false"/>
            <line number="151" hits="0" branch="false"/>
            <line number="152" hits="0" branch="false"/>
            <line number="153" hits="0" branch="false"/>
            <line number="154" hits="0" branch="false"/>
            <line number="155" hits="0" branch="false"/>
            <line number="156" hits="0" branch="false"/>
            <line number="157" hits="0" branch="false"/>
            <line number="158" hits="0" branch="false"/>
            <line number="159" hits="0" branch="false"/>
            <line number="160" hits="0" branch="false"/>
            <line number="161" hits="0" branch="false"/>
            <line number="162" hits="0" branch="false"/>
            <line number="163" hits="0" branch="false"/>
            <line number="164" hits="0" branch="false"/>
            <line number="165" hits="0" branch="false"/>
            <line number="166" hits="0" branch="false"/>
            <line number="167" hits="0" branch="false"/>
            <line number="168" hits="1" branch="false"/>
            <line number="169" hits="1" branch="false"/>
            <line number="170" hits="1" branch="true" condition-coverage="100% (1/1)"/>
            <line number="171" hits="1268" branch="true" condition-coverage="100% (1/1)"/>
            <line number="172" hits="1268" branch="false"/>
            <line number="173" hits="1268" branch="false"/>
            <line number="174" hits="1268" branch="false"/>
            <line number="175" hits="1268" branch="false"/>
            <line number="176" hits="1268" branch="false"/>
            <line number="177" hits="1268" branch="false"/>
            <line number="178" hits="1268" branch="false"/>
            <line number="179" hits="1268" branch="false"/>
            <line number="180" hits="1268" branch="true" condition-coverage="100% (1/1)"/>
            <line number="181" hits="1753" branch="false"/>
            <line number="182" hits="1753" branch="false"/>
            <line number="183" hits="1753" branch="true" condition-coverage="100% (1/1)"/>
            <line number="184" hits="1258" branch="false"/>
            <line number="185" hits="1753" branch="true" condition-coverage="100% (2/2)"/>
            <line number="186" hits="232" branch="false"/>
            <line number="187" hits="232" branch="false"/>
            <line number="188" hits="232" branch="false"/>
            <line number="189" hits="232" branch="false"/>
            <line number="190" hits="495" branch="true" condition-coverage="100% (2/2)"/>
            <line number="191" hits="242" branch="false"/>
            <line number="192" hits="242" branch="true" condition-coverage="0% (0/1)"/>
            <line number="193" hits="0" branch="false"/>
            <line number="194" hits="0" branch="false"/>
            <line number="195" hits="0" branch="false"/>
            <line number="196" hits="242" branch="true" condition-coverage="0% (0/1)"/>
            <line number="197" hits="0" branch="false"/>
            <line number="198" hits="0" branch="false"/>
            <line number="199" hits="0" branch="false"/>
            <line number="200" hits="242" branch="true" condition-coverage="100% (1/1)"/>
            <line number="201" hits="238" branch="false"/>
            <line number="202" hits="242" branch="true" condition-coverage="50% (1/2)"/>
            <line number="203" hits="0" branch="false"/>
            <line number="204" hits="4" branch="false"/>
            <line number="205" hits="4" branch="false"/>
            <line number="206" hits="4" branch="false"/>
            <line number="207" hits="263" branch="true" condition-coverage="100% (1/1)"/>
            <line number="208" hits="21" branch="false"/>
            <line number="209" hits="21" branch="false"/>
            <line number="210" hits="21" branch="false"/>
            <line number="211" hits="21" branch="true" condition-coverage="0% (0/1)"/>
            <line number="212" hits="0" branch="false"/>
            <line number="213" hits="0" branch="false"/>
            <line number="214" hits="0" branch="false"/>
            <line number="215" hits="0" branch="false"/>
            <line number="216" hits="0" branch="false"/>
            <line number="217" hits="0" branch="false"/>
            <line number="218" hits="0" branch="false"/>
            <line number="219" hits="0" branch="false"/>
            <line number="220" hits="0" branch="false"/>
            <line number="221" hits="0" branch="false"/>
            <line number="222" hits="0" branch="false"/>
            <line number="223" hits="0" branch="false"/>
            <line number="224" hits="0" branch="false"/>
            <line number="225" hits="0" branch="false"/>
            <line number="226" hits="1753" branch="false"/>
            <line number="227" hits="1268" branch="true" condition-coverage="50% (1/2)"/>
            <line number="228" hits="0" branch="false"/>
            <line number="229" hits="0" branch="false"/>
            <line number="230" hits="1264" branch="true" condition-coverage="100% (1/1)"/>
            <line number="231" hits="1264" branch="false"/>
            <line number="232" hits="1264" branch="false"/>
            <line number="233" hits="1268" branch="true" condition-coverage="100% (2/2)"/>
            <line number="234" hits="104" branch="true" condition-coverage="0% (0/1)"/>
            <line number="235" hits="104" branch="true" condition-coverage="0% (0/1)"/>
            <line number="236" hits="104" branch="true" condition-coverage="0% (0/1)"/>
            <line number="237" hits="104" branch="false"/>
            <line number="238" hits="1268" branch="true" condition-coverage="100% (2/2)"/>
            <line number="239" hits="1264" branch="true" condition-coverage="100% (1/1)"/>
            <line number="240" hits="1264" branch="false"/>
            <line number="241" hits="1" branch="false"/>
            <line number="242" hits="1" branch="false"/>
            <line number="243" hits="1" branch="true" condition-coverage="100% (1/1)"/>
            <line number="244" hits="145" branch="true" condition-coverage="0% (0/1)"/>
            <line number="245" hits="145" branch="false"/>
            <line number="246" hits="145" branch="false"/>
            <line number="247" hits="145" branch="false"/>
            <line number="248" hits="145" branch="false"/>
            <line number="249" hits="145" branch="false"/>
            <line number="250" hits="145" branch="false"/>
            <line number="251" hits="145" branch="false"/>
            <line number="252" hits="145" branch="false"/>
            <line number="253" hits="145" branch="true" condition-coverage="100% (1/1)"/>
            <line number="254" hits="167" branch="false"/>
            <line number="255" hits="167" branch="false"/>
            <line number="256" hits="167" branch="true" condition-coverage="100% (1/1)"/>
            <line number="257" hits="112" branch="false"/>
            <line number="258" hits="167" branch="true" condition-coverage="100% (2/2)"/>
            <line number="259" hits="11" branch="false"/>
            <line number="260" hits="11" branch="false"/>
            <line number="261" hits="11" branch="false"/>
            <line number="262" hits="11" branch="false"/>
            <line number="263" hits="55" branch="true" condition-coverage="100% (1/1)"/>
            <line number="264" hits="44" branch="false"/>
            <line number="265" hits="44" branch="true" condition-coverage="0% (0/1)"/>
            <line number="266" hits="0" branch="false"/>
            <line number="267" hits="0" branch="false"/>
            <line number="268" hits="0" branch="false"/>
            <line number="269" hits="0" branch="false"/>
            <line number="270" hits="44" branch="true" condition-coverage="0% (0/1)"/>
            <line number="271" hits="0" branch="false"/>
            <line number="272" hits="0" branch="false"/>
            <line number="273" hits="0" branch="false"/>
            <line number="274" hits="0" branch="false"/>
            <line number="275" hits="44" branch="true" condition-coverage="100% (1/1)"/>
            <line number="276" hits="19" branch="false"/>
            <line number="277" hits="19" branch="false"/>
            <line number="278" hits="44" branch="true" condition-coverage="50% (1/2)"/>
            <line number="279" hits="0" branch="false"/>
            <line number="280" hits="0" branch="false"/>
            <line number="281" hits="25" branch="false"/>
            <line number="282" hits="25" branch="false"/>
            <line number="283" hits="25" branch="false"/>
            <line number="284" hits="44" branch="true" condition-coverage="0% (0/1)"/>
            <line number="285" hits="0" branch="false"/>
            <line number="286" hits="0" branch="false"/>
            <line number="287" hits="0" branch="false"/>
            <line number="288" hits="0" branch="false"/>
            <line number="289" hits="0" branch="false"/>
            <line number="290" hits="0" branch="false"/>
            <line number="291" hits="0" branch="false"/>
            <line number="292" hits="0" branch="false"/>
            <line number="293" hits="0" branch="false"/>
            <line number="294" hits="0" branch="false"/>
            <line number="295" hits="0" branch="false"/>
            <line number="296" hits="0" branch="false"/>
            <line number="297" hits="0" branch="false"/>
            <line number="298" hits="0" branch="false"/>
            <line number="299" hits="0" branch="false"/>
            <line number="300" hits="0" branch="false"/>
            <line number="301" hits="0" branch="false"/>
            <line number="302" hits="0" branch="false"/>
            <line number="303" hits="167" branch="false"/>
            <line number="304" hits="145" branch="true" condition-coverage="50% (1/2)"/>
            <line number="305" hits="0" branch="false"/>
            <line number="306" hits="0" branch="false"/>
            <line number="307" hits="120" branch="true" condition-coverage="100% (1/1)"/>
            <line number="308" hits="1" branch="false"/>
            <line number="309" hits="1" branch="false"/>
            <line number="310" hits="1" branch="false"/>
            <line number="311" hits="0" branch="false"/>
            <line number="312" hits="0" branch="false"/>
            <line number="313" hits="0" branch="false"/>
            <line number="314" hits="0" branch="false"/>
            <line number="315" hits="0" branch="false"/>
            <line number="316" hits="0" branch="false"/>
            <line number="317" hits="0" branch="false"/>
            <line number="318" hits="0" branch="false"/>
            <line number="319" hits="0" branch="false"/>
            <line number="320" hits="0" branch="false"/>
            <line number="321" hits="0" branch="false"/>
            <line number="322" hits="0" branch="false"/>
            <line number="323" hits="0" branch="false"/>
            <line number="324" hits="0" branch="false"/>
            <line number="325" hits="0" branch="false"/>
            <line number="326" hits="0" branch="false"/>
            <line number="327" hits="0" branch="false"/>
            <line number="328" hits="0" branch="false"/>
            <line number="329" hits="0" branch="false"/>
            <line number="330" hits="0" branch="false"/>
            <line number="331" hits="0" branch="false"/>
            <line number="332" hits="0" branch="false"/>
            <line number="333" hits="0" branch="false"/>
            <line number="334" hits="0" branch="false"/>
            <line number="335" hits="0" branch="false"/>
            <line number="336" hits="0" branch="false"/>
            <line number="337" hits="0" branch="false"/>
            <line number="338" hits="0" branch="false"/>
            <line number="339" hits="0" branch="false"/>
            <line number="340" hits="0" branch="false"/>
            <line number="341" hits="0" branch="false"/>
            <line number="342" hits="0" branch="false"/>
            <line number="343" hits="0" branch="false"/>
            <line number="344" hits="0" branch="false"/>
            <line number="345" hits="0" branch="false"/>
            <line number="346" hits="0" branch="false"/>
            <line number="347" hits="0" branch="false"/>
            <line number="348" hits="0" branch="false"/>
            <line number="349" hits="0" branch="false"/>
            <line number="350" hits="0" branch="false"/>
            <line number="351" hits="0" branch="false"/>
            <line number="352" hits="0" branch="false"/>
            <line number="353" hits="0" branch="false"/>
            <line number="354" hits="1" branch="false"/>
            <line number="355" hits="1" branch="false"/>
            <line number="356" hits="1" branch="false"/>
            <line number="357" hits="0" branch="false"/>
            <line number="358" hits="0" branch="false"/>
            <line number="359" hits="0" branch="false"/>
            <line number="360" hits="0" branch="false"/>
            <line number="361" hits="0" branch="false"/>
            <line number="362" hits="0" branch="false"/>
            <line number="363" hits="0" branch="false"/>
            <line number="364" hits="0" branch="false"/>
            <line number="365" hits="0" branch="false"/>
            <line number="366" hits="0" branch="false"/>
            <line number="367" hits="1" branch="false"/>
            <line number="368" hits="1" branch="false"/>
            <line number="369" hits="1" branch="false"/>
            <line number="370" hits="0" branch="false"/>
            <line number="371" hits="0" branch="false"/>
            <line number="372" hits="1" branch="false"/>
            <line number="373" hits="1" branch="false"/>
            <line number="374" hits="1" branch="false"/>
            <line number="375" hits="0" branch="false"/>
            <line number="376" hits="0" branch="false"/>
            <line number="377" hits="0" branch="false"/>
            <line number="378" hits="0" branch="false"/>
            <line number="379" hits="0" branch="false"/>
            <line number="380" hits="0" branch="false"/>
            <line number="381" hits="0" branch="false"/>
            <line number="382" hits="0" branch="false"/>
            <line number="383" hits="1" branch="false"/>
            <line number="384" hits="49" branch="true" condition-coverage="100% (1/1)"/>
            <line number="385" hits="49" branch="true" condition-coverage="0% (0/1)"/>
            <line number="386" hits="0" branch="false"/>
            <line number="387" hits="0" branch="false"/>
            <line number="388" hits="49" branch="true" condition-coverage="0% (0/1)"/>
            <line number="389" hits="0" branch="false"/>
            <line number="390" hits="0" branch="false"/>
            <line number="391" hits="49" branch="false"/>
            <line number="392" hits="49" branch="false"/>
            <line number="393" hits="1" branch="false"/>
            <line number="394" hits="23" branch="true" condition-coverage="100% (1/1)"/>
            <line number="395" hits="23" branch="false"/>
            <line number="396" hits="23" branch="false"/>
            <line number="397" hits="1" branch="false"/>
            <line number="398" hits="11" branch="true" condition-coverage="100% (1/1)"/>
            <line number="399" hits="11" branch="false"/>
            <line number="400" hits="11" branch="false"/>
            <line number="401" hits="1" branch="false"/>
            <line number="402" hits="12" branch="true" condition-coverage="100% (1/1)"/>
            <line number="403" hits="12" branch="true" condition-coverage="0% (0/1)"/>
            <line number="404" hits="12" branch="false"/>
            <line number="405" hits="1" branch="false"/>
            <line number="406" hits="12" branch="true" condition-coverage="100% (1/1)"/>
            <line number="407" hits="12" branch="true" condition-coverage="0% (0/1)"/>
            <line number="408" hits="12" branch="false"/>
            <line number="409" hits="1" branch="false"/>
            <line number="410" hits="11" branch="true" condition-coverage="100% (1/1)"/>
            <line number="411" hits="11" branch="true" condition-coverage="0% (0/1)"/>
            <line number="412" hits="11" branch="false"/>
            <line number="413" hits="1" branch="false"/>
            <line number="414" hits="11" branch="true" condition-coverage="100% (1/1)"/>
            <line number="415" hits="11" branch="true" condition-coverage="0% (0/1)"/>
            <line number="416" hits="11" branch="false"/>
            <line number="417" hits="1" branch="false"/>
            <line number="418" hits="11" branch="true" condition-coverage="100% (1/1)"/>
            <line number="419" hits="11" branch="true" condition-coverage="0% (0/1)"/>
            <line number="420" hits="11" branch="false"/>
            <line number="421" hits="1" branch="false"/>
            <line number="422" hits="11" branch="true" condition-coverage="100% (1/1)"/>
            <line number="423" hits="11" branch="true" condition-coverage="0% (0/1)"/>
            <line number="424" hits="11" branch="false"/>
            <line number="425" hits="1" branch="false"/>
            <line number="426" hits="11" branch="true" condition-coverage="100% (1/1)"/>
            <line number="427" hits="11" branch="true" condition-coverage="0% (0/1)"/>
            <line number="428" hits="0" branch="false"/>
            <line number="429" hits="0" branch="false"/>
            <line number="430" hits="11" branch="true" condition-coverage="0% (0/1)"/>
            <line number="431" hits="0" branch="false"/>
            <line number="432" hits="0" branch="false"/>
            <line number="433" hits="11" branch="false"/>
            <line number="434" hits="11" branch="false"/>
            <line number="435" hits="1" branch="false"/>
            <line number="436" hits="23" branch="true" condition-coverage="100% (1/1)"/>
            <line number="437" hits="23" branch="true" condition-coverage="0% (0/1)"/>
            <line number="438" hits="0" branch="false"/>
            <line number="439" hits="0" branch="false"/>
            <line number="440" hits="0" branch="false"/>
            <line number="441" hits="0" branch="false"/>
            <line number="442" hits="23" branch="false"/>
            <line number="443" hits="23" branch="false"/>
            <line number="444" hits="1" branch="false"/>
            <line number="445" hits="12" branch="true" condition-coverage="100% (1/1)"/>
            <line number="446" hits="12" branch="false"/>
            <line number="447" hits="12" branch="false"/>
            <line number="448" hits="1" branch="false"/>
            <line number="449" hits="22" branch="true" condition-coverage="100% (1/1)"/>
            <line number="450" hits="22" branch="false"/>
            <line number="451" hits="22" branch="false"/>
            <line number="452" hits="1" branch="false"/>
            <line number="453" hits="12" branch="true" condition-coverage="100% (1/1)"/>
            <line number="454" hits="12" branch="false"/>
            <line number="455" hits="12" branch="false"/>
            <line number="456" hits="1" branch="false"/>
            <line number="457" hits="3" branch="true" condition-coverage="100% (1/1)"/>
            <line number="458" hits="3" branch="false"/>
            <line number="459" hits="3" branch="false"/>
            <line number="460" hits="1" branch="false"/>
            <line number="461" hits="0" branch="false"/>
            <line number="462" hits="0" branch="false"/>
            <line number="463" hits="0" branch="false"/>
            <line number="464" hits="1" branch="false"/>
            <line number="465" hits="0" branch="false"/>
            <line number="466" hits="0" branch="false"/>
            <line number="467" hits="0" branch="false"/>
            <line number="468" hits="0" branch="false"/>
            <line number="469" hits="0" branch="false"/>
            <line number="470" hits="0" branch="false"/>
            <line number="471" hits="0" branch="false"/>
            <line number="472" hits="0" branch="false"/>
            <line number="473" hits="0" branch="false"/>
            <line number="474" hits="1" branch="false"/>
            <line number="475" hits="1" branch="false"/>
            <line number="476" hits="0" branch="false"/>
            <line number="477" hits="0" branch="false"/>
            <line number="478" hits="0" branch="false"/>
            <line number="479" hits="1" branch="false"/>
            <line number="480" hits="0" branch="false"/>
            <line number="481" hits="0" branch="false"/>
            <line number="482" hits="0" branch="false"/>
            <line number="483" hits="0" branch="false"/>
            <line number="484" hits="0" branch="false"/>
            <line number="485" hits="0" branch="false"/>
            <line number="486" hits="1" branch="false"/>
            <line number="487" hits="0" branch="false"/>
            <line number="488" hits="0" branch="false"/>
            <line number="489" hits="0" branch="false"/>
            <line number="490" hits="0" branch="false"/>
            <line number="491" hits="0" branch="false"/>
            <line number="492" hits="0" branch="false"/>
            <line number="493" hits="0" branch="false"/>
            <line number="494" hits="0" branch="false"/>
            <line number="495" hits="1" branch="false"/>
            <line number="496" hits="9" branch="true" condition-coverage="100% (1/1)"/>
            <line number="497" hits="9" branch="false"/>
            <line number="498" hits="9" branch="false"/>
            <line number="499" hits="1" branch="false"/>
            <line number="500" hits="9" branch="true" condition-coverage="100% (1/1)"/>
            <line number="501" hits="9" branch="false"/>
            <line number="502" hits="9" branch="false"/>
            <line number="503" hits="1" branch="false"/>
            <line number="504" hits="1" branch="true" condition-coverage="100% (1/1)"/>
            <line number="505" hits="1417" branch="false"/>
            <line number="506" hits="1417" branch="false"/>
            <line number="507" hits="1417" branch="false"/>
            <line number="508" hits="1417" branch="false"/>
            <line number="509" hits="1417" branch="false"/>
            <line number="510" hits="1417" branch="false"/>
            <line number="511" hits="1417" branch="false"/>
            <line number="512" hits="1417" branch="false"/>
            <line number="513" hits="1417" branch="false"/>
            <line number="514" hits="1417" branch="false"/>
            <line number="515" hits="1417" branch="false"/>
            <line number="516" hits="1417" branch="false"/>
            <line number="517" hits="1417" branch="false"/>
            <line number="518" hits="1417" branch="false"/>
            <line number="519" hits="1417" branch="false"/>
            <line number="520" hits="1417" branch="false"/>
            <line number="521" hits="1417" branch="false"/>
            <line number="522" hits="1417" branch="false"/>
            <line number="523" hits="1417" branch="false"/>
            <line number="524" hits="1417" branch="false"/>
            <line number="525" hits="1417" branch="false"/>
            <line number="526" hits="1417" branch="false"/>
            <line number="527" hits="1417" branch="false"/>
            <line number="528" hits="1417" branch="false"/>
            <line number="529" hits="1417" branch="false"/>
            <line number="530" hits="1417" branch="false"/>
            <line number="531" hits="1417" branch="false"/>
            <line number="532" hits="1417" branch="false"/>
            <line number="533" hits="1417" branch="false"/>
            <line number="534" hits="1417" branch="false"/>
            <line number="535" hits="1417" branch="false"/>
            <line number="536" hits="1417" branch="false"/>
            <line number="537" hits="1417" branch="false"/>
            <line number="538" hits="1417" branch="false"/>
            <line number="539" hits="1417" branch="false"/>
            <line number="540" hits="1417" branch="false"/>
            <line number="541" hits="1417" branch="false"/>
            <line number="542" hits="1417" branch="false"/>
            <line number="543" hits="1417" branch="false"/>
            <line number="544" hits="1417" branch="false"/>
            <line number="545" hits="1417" branch="false"/>
            <line number="546" hits="1417" branch="false"/>
            <line number="547" hits="1417" branch="false"/>
            <line number="548" hits="1417" branch="false"/>
            <line number="549" hits="1417" branch="false"/>
            <line number="550" hits="1417" branch="false"/>
            <line number="551" hits="1417" branch="false"/>
            <line number="552" hits="1417" branch="false"/>
            <line number="553" hits="1417" branch="false"/>
            <line number="554" hits="1417" branch="false"/>
            <line number="555" hits="1417" branch="false"/>
            <line number="556" hits="1417" branch="false"/>
            <line number="557" hits="1417" branch="false"/>
            <line number="558" hits="1417" branch="false"/>
            <line number="559" hits="1417" branch="false"/>
            <line number="560" hits="1417" branch="false"/>
            <line number="561" hits="1417" branch="false"/>
            <line number="562" hits="1417" branch="false"/>
            <line number="563" hits="1417" branch="false"/>
            <line number="564" hits="1417" branch="false"/>
            <line number="565" hits="1417" branch="false"/>
            <line number="566" hits="1417" branch="false"/>
            <line number="567" hits="1417" branch="false"/>
            <line number="568" hits="1417" branch="false"/>
            <line number="569" hits="1417" branch="false"/>
            <line number="570" hits="1417" branch="false"/>
            <line number="571" hits="1417" branch="false"/>
            <line number="572" hits="1417" branch="false"/>
            <line number="573" hits="1417" branch="false"/>
            <line number="574" hits="1" branch="false"/>
            <line number="575" hits="1" branch="true" condition-coverage="100% (1/1)"/>
            <line number="576" hits="1417" branch="false"/>
            <line number="577" hits="1" branch="false"/>
            <line number="578" hits="1" branch="false"/>
            <line number="579" hits="1" branch="true" condition-coverage="100% (1/1)"/>
            <line number="580" hits="149" branch="false"/>
            <line number="581" hits="1" branch="false"/>
            <line number="582" hits="1" branch="false"/>
            <line number="583" hits="1" branch="true" condition-coverage="100% (1/1)"/>
            <line number="584" hits="1268" branch="false"/>
            <line number="585" hits="1268" branch="false"/>
            <line number="586" hits="1" branch="false"/>
            <line number="587" hits="1" branch="false"/>
            <line number="588" hits="1" branch="false"/>
            <line number="589" hits="1" branch="false"/>
            <line number="590" hits="1" branch="false"/>
            <line number="591" hits="1" branch="false"/>
            <line number="592" hits="0" branch="false"/>
            <line number="593" hits="1" branch="false"/>
            <line number="594" hits="1" branch="false"/>
            <line number="595" hits="0" branch="false"/>
            <line number="596" hits="1" branch="false"/>
            <line number="597" hits="1" branch="false"/>
            <line number="598" hits="1" branch="false"/>
            <line number="599" hits="1" branch="false"/>
            <line number="600" hits="1" branch="false"/>
            <line number="601" hits="1" branch="false"/>
            <line number="602" hits="1" branch="false"/>
            <line number="603" hits="1" branch="false"/>
            <line number="604" hits="1" branch="false"/>
            <line number="605" hits="1" branch="false"/>
            <line number="606" hits="1" branch="false"/>
            <line number="607" hits="1" branch="false"/>
            <line number="608" hits="1" branch="false"/>
            <line number="609" hits="1" branch="false"/>
            <line number="610" hits="1" branch="false"/>
            <line number="611" hits="1" branch="false"/>
            <line number="612" hits="1" branch="false"/>
            <line number="613" hits="1" branch="false"/>
            <line number="614" hits="1" branch="false"/>
            <line number="615" hits="1" branch="false"/>
            <line number="616" hits="1" branch="false"/>
            <line number="617" hits="1" branch="false"/>
            <line number="618" hits="1" branch="false"/>
            <line number="619" hits="1" branch="false"/>
            <line number="620" hits="1" branch="false"/>
            <line number="621" hits="1" branch="false"/>
            <line number="622" hits="1" branch="false"/>
            <line number="623" hits="1" branch="false"/>
            <line number="624" hits="1" branch="false"/>
            <line number="625" hits="1" branch="false"/>
            <line number="626" hits="1" branch="false"/>
            <line number="627" hits="1" branch="false"/>
            <line number="628" hits="1" branch="false"/>
            <line number="629" hits="1" branch="false"/>
            <line number="630" hits="1" branch="false"/>
            <line number="631" hits="1" branch="false"/>
            <line number="632" hits="1" branch="false"/>
            <line number="633" hits="1" branch="true" condition-coverage="100% (1/1)"/>
            <line number="634" hits="1417" branch="false"/>
            <line number="635" hits="1417" branch="false"/>
            <line number="636" hits="1417" branch="false"/>
            <line number="637" hits="1417" branch="false"/>
            <line number="638" hits="1417" branch="false"/>
            <line number="639" hits="1417" branch="false"/>
            <line number="640" hits="1417" branch="false"/>
            <line number="641" hits="1417" branch="false"/>
            <line number="642" hits="1417" branch="false"/>
            <line number="643" hits="1417" branch="false"/>
            <line number="644" hits="1417" branch="true" condition-coverage="0% (0/1)"/>
            <line number="645" hits="1417" branch="false"/>
            <line number="646" hits="1417" branch="true" condition-coverage="100% (1/1)"/>
            <line number="647" hits="2304" branch="true" condition-coverage="100% (1/1)"/>
            <line number="648" hits="1236" branch="true" condition-coverage="100% (1/1)"/>
            <line number="649" hits="2" branch="false"/>
            <line number="650" hits="2" branch="false"/>
            <line number="651" hits="1234" branch="true" condition-coverage="100% (1/1)"/>
            <line number="652" hits="1234" branch="false"/>
            <line number="653" hits="1234" branch="false"/>
            <line number="654" hits="1234" branch="false"/>
            <line number="655" hits="2304" branch="true" condition-coverage="100% (2/2)"/>
            <line number="656" hits="247" branch="true" condition-coverage="100% (2/2)"/>
            <line number="657" hits="4" branch="true" condition-coverage="100% (1/1)"/>
            <line number="658" hits="3" branch="false"/>
            <line number="659" hits="3" branch="false"/>
            <line number="660" hits="3" branch="false"/>
            <line number="661" hits="3" branch="false"/>
            <line number="662" hits="3" branch="false"/>
            <line number="663" hits="4" branch="false"/>
            <line number="664" hits="247" branch="true" condition-coverage="50% (1/2)"/>
            <line number="665" hits="243" branch="false"/>
            <line number="666" hits="243" branch="true" condition-coverage="0% (0/1)"/>
            <line number="667" hits="0" branch="false"/>
            <line number="668" hits="0" branch="false"/>
            <line number="669" hits="243" branch="false"/>
            <line number="670" hits="243" branch="false"/>
            <line number="671" hits="243" branch="false"/>
            <line number="672" hits="243" branch="false"/>
            <line number="673" hits="1068" branch="true" condition-coverage="100% (2/2)"/>
            <line number="674" hits="137" branch="true" condition-coverage="0% (0/1)"/>
            <line number="675" hits="0" branch="false"/>
            <line number="676" hits="0" branch="false"/>
            <line number="677" hits="137" branch="false"/>
            <line number="678" hits="137" branch="false"/>
            <line number="679" hits="137" branch="false"/>
            <line number="680" hits="137" branch="false"/>
            <line number="681" hits="821" branch="true" condition-coverage="100% (2/2)"/>
            <line number="682" hits="26" branch="true" condition-coverage="0% (0/1)"/>
            <line number="683" hits="0" branch="false"/>
            <line number="684" hits="0" branch="false"/>
            <line number="685" hits="26" branch="false"/>
            <line number="686" hits="26" branch="true" condition-coverage="100% (1/1)"/>
            <line number="687" hits="2" branch="false"/>
            <line number="688" hits="2" branch="false"/>
            <line number="689" hits="2" branch="false"/>
            <line number="690" hits="2" branch="false"/>
            <line number="691" hits="2" branch="false"/>
            <line number="692" hits="26" branch="false"/>
            <line number="693" hits="26" branch="false"/>
            <line number="694" hits="683" branch="true" condition-coverage="100% (2/2)"/>
            <line number="695" hits="26" branch="true" condition-coverage="0% (0/1)"/>
            <line number="696" hits="0" branch="false"/>
            <line number="697" hits="0" branch="false"/>
            <line number="698" hits="26" branch="true" condition-coverage="0% (0/1)"/>
            <line number="699" hits="0" branch="false"/>
            <line number="700" hits="0" branch="false"/>
            <line number="701" hits="26" branch="false"/>
            <line number="702" hits="26" branch="false"/>
            <line number="703" hits="657" branch="true" condition-coverage="50% (1/2)"/>
            <line number="704" hits="0" branch="false"/>
            <line number="705" hits="0" branch="false"/>
            <line number="706" hits="0" branch="false"/>
            <line number="707" hits="0" branch="false"/>
            <line number="708" hits="0" branch="false"/>
            <line number="709" hits="0" branch="false"/>
            <line number="710" hits="631" branch="true" condition-coverage="0% (0/1)"/>
            <line number="711" hits="0" branch="false"/>
            <line number="712" hits="0" branch="false"/>
            <line number="713" hits="0" branch="false"/>
            <line number="714" hits="0" branch="false"/>
            <line number="715" hits="0" branch="false"/>
            <line number="716" hits="0" branch="false"/>
            <line number="717" hits="631" branch="true" condition-coverage="0% (0/1)"/>
            <line number="718" hits="0" branch="false"/>
            <line number="719" hits="0" branch="false"/>
            <line number="720" hits="0" branch="false"/>
            <line number="721" hits="0" branch="false"/>
            <line number="722" hits="0" branch="false"/>
            <line number="723" hits="0" branch="false"/>
            <line number="724" hits="631" branch="true" condition-coverage="100% (1/1)"/>
            <line number="725" hits="22" branch="true" condition-coverage="0% (0/1)"/>
            <line number="726" hits="0" branch="false"/>
            <line number="727" hits="0" branch="false"/>
            <line number="728" hits="22" branch="false"/>
            <line number="729" hits="22" branch="false"/>
            <line number="730" hits="22" branch="false"/>
            <line number="731" hits="631" branch="true" condition-coverage="100% (2/2)"/>
            <line number="732" hits="291" branch="true" condition-coverage="100% (1/1)"/>
            <line number="733" hits="1" branch="false"/>
            <line number="734" hits="1" branch="false"/>
            <line number="735" hits="290" branch="true" condition-coverage="100% (1/1)"/>
            <line number="736" hits="290" branch="false"/>
            <line number="737" hits="290" branch="false"/>
            <line number="738" hits="290" branch="false"/>
            <line number="739" hits="609" branch="true" condition-coverage="100% (1/1)"/>
            <line number="740" hits="318" branch="true" condition-coverage="0% (0/1)"/>
            <line number="741" hits="0" branch="false"/>
            <line number="742" hits="0" branch="false"/>
            <line number="743" hits="0" branch="false"/>
            <line number="744" hits="0" branch="false"/>
            <line number="745" hits="0" branch="false"/>
            <line number="746" hits="0" branch="false"/>
            <line number="747" hits="2304" branch="false"/>
            <line number="748" hits="1417" branch="true" condition-coverage="50% (1/2)"/>
            <line number="749" hits="0" branch="false"/>
            <line number="750" hits="0" branch="false"/>
            <line number="751" hits="1417" branch="true" condition-coverage="100% (2/2)"/>
            <line number="752" hits="270" branch="false"/>
            <line number="753" hits="270" branch="false"/>
            <line number="754" hits="270" branch="false"/>
            <line number="755" hits="1417" branch="true" condition-coverage="50% (1/2)"/>
            <line number="756" hits="0" branch="false"/>
            <line number="757" hits="0" branch="false"/>
            <line number="758" hits="0" branch="false"/>
            <line number="759" hits="0" branch="false"/>
            <line number="760" hits="1413" branch="true" condition-coverage="100% (1/1)"/>
            <line number="761" hits="1413" branch="false"/>
            <line number="762" hits="1" branch="false"/>
            <line number="763" hits="1" branch="false"/>
            <line number="764" hits="1" branch="false"/>
            <line number="765" hits="0" branch="false"/>
            <line number="766" hits="0" branch="false"/>
            <line number="767" hits="0" branch="false"/>
            <line number="768" hits="1" branch="false"/>
            <line number="769" hits="1" branch="false"/>
            <line number="770" hits="1" branch="true" condition-coverage="100% (1/1)"/>
            <line number="771" hits="4" branch="false"/>
            <line number="772" hits="4" branch="false"/>
            <line number="773" hits="4" branch="false"/>
            <line number="774" hits="1" branch="false"/>
            <line number="775" hits="1" branch="false"/>
            <line number="776" hits="1" branch="false"/>
            <line number="777" hits="1" branch="false"/>
            <line number="778" hits="1" branch="true" condition-coverage="100% (1/1)"/>
            <line number="779" hits="270" branch="false"/>
            <line number="780" hits="270" branch="true" condition-coverage="100% (1/1)"/>
            <line number="781" hits="12" branch="true" condition-coverage="0% (0/1)"/>
            <line number="782" hits="0" branch="false"/>
            <line number="783" hits="12" branch="false"/>
            <line number="784" hits="12" branch="false"/>
            <line number="785" hits="12" branch="false"/>
            <line number="786" hits="12" branch="false"/>
            <line number="787" hits="270" branch="false"/>
            <line number="788" hits="1" branch="false"/>
            <line number="789" hits="1" branch="false"/>
            <line number="790" hits="1" branch="true" condition-coverage="100% (1/1)"/>
            <line number="791" hits="2304" branch="false"/>
            <line number="792" hits="2304" branch="false"/>
            <line number="793" hits="2304" branch="false"/>
            <line number="794" hits="2304" branch="false"/>
            <line number="795" hits="2304" branch="false"/>
            <line number="796" hits="2304" branch="false"/>
            <line number="797" hits="2304" branch="false"/>
            <line number="798" hits="2304" branch="false"/>
            <line number="799" hits="2304" branch="true" condition-coverage="100% (1/1)"/>
            <line number="800" hits="3746" branch="false"/>
            <line number="801" hits="3746" branch="false"/>
            <line number="802" hits="3746" branch="true" condition-coverage="100% (1/1)"/>
            <line number="803" hits="3746" branch="false"/>
            <line number="804" hits="3746" branch="true" condition-coverage="100% (2/2)"/>
            <line number="805" hits="3746" branch="true" condition-coverage="100% (1/1)"/>
            <line number="806" hits="3746" branch="true" condition-coverage="100% (2/2)"/>
            <line number="807" hits="3746" branch="true" condition-coverage="100% (2/2)"/>
            <line number="808" hits="3746" branch="true" condition-coverage="100% (3/3)"/>
            <line number="809" hits="3746" branch="true" condition-coverage="100% (3/3)"/>
            <line number="810" hits="3746" branch="true" condition-coverage="100% (2/2)"/>
            <line number="811" hits="3746" branch="true" condition-coverage="100% (2/2)"/>
            <line number="812" hits="3746" branch="true" condition-coverage="100% (2/2)"/>
            <line number="813" hits="3746" branch="true" condition-coverage="100% (2/2)"/>
            <line number="814" hits="3746" branch="true" condition-coverage="100% (2/2)"/>
            <line number="815" hits="3746" branch="true" condition-coverage="100% (2/2)"/>
            <line number="816" hits="3746" branch="true" condition-coverage="100% (2/2)"/>
            <line number="817" hits="3746" branch="true" condition-coverage="100% (2/2)"/>
            <line number="818" hits="3746" branch="true" condition-coverage="100% (3/3)"/>
            <line number="819" hits="1103" branch="true" condition-coverage="100% (2/2)"/>
            <line number="820" hits="3746" branch="true" condition-coverage="100% (1/1)"/>
            <line number="821" hits="2655" branch="true" condition-coverage="100% (7/7)"/>
            <line number="822" hits="25" branch="false"/>
            <line number="823" hits="25" branch="false"/>
            <line number="824" hits="2655" branch="false"/>
            <line number="825" hits="2655" branch="false"/>
            <line number="826" hits="2655" branch="false"/>
            <line number="827" hits="2655" branch="false"/>
            <line number="828" hits="2655" branch="false"/>
            <line number="829" hits="2655" branch="false"/>
            <line number="830" hits="2655" branch="false"/>
            <line number="831" hits="2655" branch="true" condition-coverage="100% (1/1)"/>
            <line number="832" hits="162" branch="false"/>
            <line number="833" hits="162" branch="false"/>
            <line number="834" hits="162" branch="false"/>
            <line number="835" hits="2655" branch="true" condition-coverage="100% (2/2)"/>
            <line number="836" hits="662" branch="false"/>
            <line number="837" hits="662" branch="false"/>
            <line number="838" hits="2655" branch="true" condition-coverage="100% (2/2)"/>
            <line number="839" hits="17" branch="true" condition-coverage="0% (0/1)"/>
            <line number="840" hits="17" branch="false"/>
            <line number="841" hits="17" branch="false"/>
            <line number="842" hits="17" branch="false"/>
            <line number="843" hits="17" branch="false"/>
            <line number="844" hits="2655" branch="true" condition-coverage="100% (2/2)"/>
            <line number="845" hits="37" branch="true" condition-coverage="100% (1/1)"/>
            <line number="846" hits="25" branch="false"/>
            <line number="847" hits="25" branch="false"/>
            <line number="848" hits="25" branch="false"/>
            <line number="849" hits="37" branch="false"/>
            <line number="850" hits="2655" branch="true" condition-coverage="100% (2/2)"/>
            <line number="851" hits="11" branch="false"/>
            <line number="852" hits="11" branch="false"/>
            <line number="853" hits="11" branch="false"/>
            <line number="854" hits="11" branch="false"/>
            <line number="855" hits="11" branch="false"/>
            <line number="856" hits="2655" branch="false"/>
            <line number="857" hits="2655" branch="false"/>
            <line number="858" hits="2655" branch="false"/>
            <line number="859" hits="2655" branch="false"/>
            <line number="860" hits="2655" branch="false"/>
            <line number="861" hits="2655" branch="false"/>
            <line number="862" hits="2655" branch="false"/>
            <line number="863" hits="2655" branch="false"/>
            <line number="864" hits="2655" branch="false"/>
            <line number="865" hits="2655" branch="false"/>
            <line number="866" hits="2655" branch="false"/>
            <line number="867" hits="2655" branch="true" condition-coverage="100% (1/1)"/>
            <line number="868" hits="1686" branch="true" condition-coverage="100% (1/1)"/>
            <line number="869" hits="2655" branch="false"/>
            <line number="870" hits="3746" branch="true" condition-coverage="100% (1/1)"/>
            <line number="871" hits="1091" branch="false"/>
            <line number="872" hits="1091" branch="false"/>
            <line number="873" hits="3746" branch="false"/>
            <line number="874" hits="2304" branch="false"/>
            <line number="875" hits="2304" branch="true" condition-coverage="100% (1/1)"/>
            <line number="876" hits="22" branch="false"/>
            <line number="877" hits="22" branch="true" condition-coverage="100% (1/1)"/>
            <line number="878" hits="11" branch="false"/>
            <line number="879" hits="11" branch="false"/>
            <line number="880" hits="11" branch="false"/>
            <line number="881" hits="11" branch="false"/>
            <line number="882" hits="11" branch="false"/>
            <line number="883" hits="11" branch="false"/>
            <line number="884" hits="2293" branch="true" condition-coverage="100% (1/1)"/>
            <line number="885" hits="2293" branch="false"/>
            <line number="886" hits="2304" branch="true" condition-coverage="100% (2/2)"/>
            <line number="887" hits="25" branch="false"/>
            <line number="888" hits="25" branch="false"/>
            <line number="889" hits="2304" branch="true" condition-coverage="33.33333333333333% (1/3)"/>
            <line number="890" hits="0" branch="false"/>
            <line number="891" hits="0" branch="false"/>
            <line number="892" hits="0" branch="false"/>
            <line number="893" hits="2304" branch="true" condition-coverage="100% (2/2)"/>
            <line number="894" hits="30" branch="false"/>
            <line number="895" hits="30" branch="false"/>
            <line number="896" hits="30" branch="false"/>
            <line number="897" hits="2263" branch="true" condition-coverage="100% (1/1)"/>
            <line number="898" hits="1" branch="false"/>
            <line number="899" hits="1" branch="false"/>
            <line number="900" hits="1" branch="false"/>
            <line number="901" hits="1" branch="true" condition-coverage="100% (1/1)"/>
            <line number="902" hits="138" branch="false"/>
            <line number="903" hits="138" branch="false"/>
            <line number="904" hits="138" branch="false"/>
            <line number="905" hits="138" branch="true" condition-coverage="100% (1/1)"/>
            <line number="906" hits="871" branch="false"/>
            <line number="907" hits="871" branch="false"/>
            <line number="908" hits="871" branch="true" condition-coverage="100% (1/1)"/>
            <line number="909" hits="111" branch="false"/>
            <line number="910" hits="111" branch="true" condition-coverage="100% (1/1)"/>
            <line number="911" hits="11" branch="false"/>
            <line number="912" hits="11" branch="false"/>
            <line number="913" hits="111" branch="true" condition-coverage="100% (1/1)"/>
            <line number="914" hits="22" branch="false"/>
            <line number="915" hits="22" branch="false"/>
            <line number="916" hits="111" branch="true" condition-coverage="100% (1/1)"/>
            <line number="917" hits="11" branch="false"/>
            <line number="918" hits="11" branch="false"/>
            <line number="919" hits="111" branch="true" condition-coverage="100% (1/1)"/>
            <line number="920" hits="11" branch="false"/>
            <line number="921" hits="11" branch="false"/>
            <line number="922" hits="111" branch="true" condition-coverage="100% (1/1)"/>
            <line number="923" hits="11" branch="false"/>
            <line number="924" hits="11" branch="false"/>
            <line number="925" hits="111" branch="true" condition-coverage="100% (1/1)"/>
            <line number="926" hits="11" branch="false"/>
            <line number="927" hits="11" branch="false"/>
            <line number="928" hits="111" branch="true" condition-coverage="100% (1/1)"/>
            <line number="929" hits="11" branch="false"/>
            <line number="930" hits="11" branch="false"/>
            <line number="931" hits="111" branch="true" condition-coverage="100% (1/1)"/>
            <line number="932" hits="11" branch="false"/>
            <line number="933" hits="11" branch="false"/>
            <line number="934" hits="111" branch="true" condition-coverage="100% (1/1)"/>
            <line number="935" hits="11" branch="false"/>
            <line number="936" hits="11" branch="false"/>
            <line number="937" hits="11" branch="false"/>
            <line number="938" hits="11" branch="false"/>
            <line number="939" hits="11" branch="false"/>
            <line number="940" hits="111" branch="true" condition-coverage="100% (1/1)"/>
            <line number="941" hits="1" branch="false"/>
            <line number="942" hits="111" branch="false"/>
            <line number="943" hits="110" branch="true" condition-coverage="100% (1/1)"/>
            <line number="944" hits="871" branch="true" condition-coverage="100% (1/1)"/>
            <line number="945" hits="760" branch="true" condition-coverage="100% (1/1)"/>
            <line number="946" hits="111" branch="false"/>
            <line number="947" hits="760" branch="true" condition-coverage="100% (1/1)"/>
            <line number="948" hits="649" branch="false"/>
            <line number="949" hits="649" branch="false"/>
            <line number="950" hits="760" branch="false"/>
            <line number="951" hits="871" branch="false"/>
            <line number="952" hits="137" branch="true" condition-coverage="100% (1/1)"/>
            <line number="953" hits="137" branch="false"/>
            <line number="954" hits="1" branch="false"/>
            <line number="955" hits="1" branch="false"/>
            <line number="956" hits="1" branch="true" condition-coverage="100% (1/1)"/>
            <line number="957" hits="821" branch="false"/>
            <line number="958" hits="821" branch="false"/>
            <line number="959" hits="821" branch="false"/>
            <line number="960" hits="821" branch="true" condition-coverage="100% (1/1)"/>
            <line number="961" hits="138" branch="false"/>
            <line number="962" hits="138" branch="false"/>
            <line number="963" hits="138" branch="true" condition-coverage="100% (1/1)"/>
            <line number="964" hits="1084" branch="false"/>
            <line number="965" hits="1084" branch="true" condition-coverage="100% (2/2)"/>
            <line number="966" hits="946" branch="false"/>
            <line number="967" hits="946" branch="false"/>
            <line number="968" hits="1084" branch="true" condition-coverage="100% (1/1)"/>
            <line number="969" hits="138" branch="false"/>
            <line number="970" hits="138" branch="false"/>
            <line number="971" hits="138" branch="false"/>
            <line number="972" hits="138" branch="false"/>
            <line number="973" hits="138" branch="false"/>
            <line number="974" hits="1084" branch="false"/>
            <line number="975" hits="138" branch="false"/>
            <line number="976" hits="820" branch="true" condition-coverage="100% (1/1)"/>
            <line number="977" hits="1" branch="false"/>
            <line number="978" hits="1" branch="false"/>
            <line number="979" hits="1" branch="true" condition-coverage="100% (1/1)"/>
            <line number="980" hits="631" branch="true" condition-coverage="0% (0/1)"/>
            <line number="981" hits="0" branch="false"/>
            <line number="982" hits="0" branch="false"/>
            <line number="983" hits="0" branch="false"/>
            <line number="984" hits="0" branch="false"/>
            <line number="985" hits="0" branch="false"/>
            <line number="986" hits="0" branch="false"/>
            <line number="987" hits="0" branch="false"/>
            <line number="988" hits="0" branch="false"/>
            <line number="989" hits="0" branch="false"/>
            <line number="990" hits="0" branch="false"/>
            <line number="991" hits="0" branch="false"/>
            <line number="992" hits="0" branch="false"/>
            <line number="993" hits="0" branch="false"/>
            <line number="994" hits="1" branch="false"/>
            <line number="995" hits="1" branch="false"/>
            <line number="996" hits="1" branch="true" condition-coverage="100% (1/1)"/>
            <line number="997" hits="1068" branch="false"/>
[...]
            <line number="738" hits="3" branch="false"/>
            <line number="739" hits="3" branch="false"/>
            <line number="740" hits="3" branch="true" condition-coverage="100% (1/1)"/>
            <line number="741" hits="3" branch="false"/>
            <line number="742" hits="3" branch="false"/>
            <line number="743" hits="3" branch="false"/>
            <line number="744" hits="3" branch="false"/>
            <line number="745" hits="3" branch="false"/>
            <line number="746" hits="6" branch="false"/>
            <line number="747" hits="6" branch="false"/>
            <line number="748" hits="21" branch="false"/>
            <line number="749" hits="21" branch="true" condition-coverage="100% (2/2)"/>
            <line number="750" hits="3" branch="false"/>
            <line number="751" hits="3" branch="false"/>
            <line number="752" hits="3" branch="false"/>
            <line number="753" hits="21" branch="false"/>
            <line number="754" hits="130" branch="true" condition-coverage="100% (1/1)"/>
            <line number="755" hits="130" branch="false"/>
            <line number="756" hits="141" branch="true" condition-coverage="0% (0/1)"/>
            <line number="757" hits="141" branch="true" condition-coverage="100% (2/2)"/>
            <line number="758" hits="46" branch="false"/>
            <line number="759" hits="46" branch="false"/>
            <line number="760" hits="46" branch="false"/>
            <line number="761" hits="141" branch="true" condition-coverage="100% (2/2)"/>
            <line number="762" hits="34" branch="true" condition-coverage="100% (1/1)"/>
            <line number="763" hits="2" branch="false"/>
            <line number="764" hits="2" branch="true" condition-coverage="100% (1/1)"/>
            <line number="765" hits="2" branch="false"/>
            <line number="766" hits="2" branch="true" condition-coverage="0% (0/1)"/>
            <line number="767" hits="2" branch="false"/>
            <line number="768" hits="2" branch="false"/>
            <line number="769" hits="2" branch="false"/>
            <line number="770" hits="2" branch="false"/>
            <line number="771" hits="34" branch="true" condition-coverage="100% (1/1)"/>
            <line number="772" hits="32" branch="false"/>
            <line number="773" hits="32" branch="true" condition-coverage="100% (1/1)"/>
            <line number="774" hits="32" branch="false"/>
            <line number="775" hits="32" branch="true" condition-coverage="100% (2/2)"/>
            <line number="776" hits="31" branch="true" condition-coverage="100% (1/1)"/>
            <line number="777" hits="32" branch="false"/>
            <line number="778" hits="32" branch="false"/>
            <line number="779" hits="32" branch="false"/>
            <line number="780" hits="34" branch="false"/>
            <line number="781" hits="130" branch="true" condition-coverage="100% (1/1)"/>
            <line number="782" hits="130" branch="false"/>
            <line number="783" hits="130" branch="false"/>
            <line number="784" hits="130" branch="false"/>
            <line number="785" hits="293" branch="true" condition-coverage="100% (1/1)"/>
            <line number="786" hits="477" branch="true" condition-coverage="100% (1/1)"/>
            <line number="787" hits="240" branch="false"/>
            <line number="788" hits="240" branch="false"/>
            <line number="789" hits="240" branch="false"/>
            <line number="790" hits="240" branch="false"/>
            <line number="791" hits="240" branch="false"/>
            <line number="792" hits="240" branch="false"/>
            <line number="793" hits="240" branch="false"/>
            <line number="794" hits="240" branch="false"/>
            <line number="795" hits="240" branch="false"/>
            <line number="796" hits="293" branch="true" condition-coverage="100% (1/1)"/>
            <line number="797" hits="477" branch="true" condition-coverage="100% (1/1)"/>
            <line number="798" hits="33" branch="false"/>
            <line number="799" hits="33" branch="false"/>
            <line number="800" hits="33" branch="false"/>
            <line number="801" hits="33" branch="false"/>
            <line number="802" hits="33" branch="false"/>
            <line number="803" hits="33" branch="false"/>
            <line number="804" hits="33" branch="false"/>
            <line number="805" hits="33" branch="true" condition-coverage="100% (1/1)"/>
            <line number="806" hits="30" branch="false"/>
            <line number="807" hits="33" branch="true" condition-coverage="100% (1/1)"/>
            <line number="808" hits="3" branch="false"/>
            <line number="809" hits="3" branch="false"/>
            <line number="810" hits="3" branch="true" condition-coverage="100% (1/1)"/>
            <line number="811" hits="3" branch="false"/>
            <line number="812" hits="3" branch="false"/>
            <line number="813" hits="3" branch="false"/>
            <line number="814" hits="33" branch="false"/>
            <line number="815" hits="477" branch="true" condition-coverage="100% (2/2)"/>
            <line number="816" hits="4" branch="false"/>
            <line number="817" hits="4" branch="false"/>
            <line number="818" hits="4" branch="false"/>
            <line number="819" hits="4" branch="false"/>
            <line number="820" hits="4" branch="false"/>
            <line number="821" hits="4" branch="false"/>
            <line number="822" hits="477" branch="true" condition-coverage="100% (2/2)"/>
            <line number="823" hits="4" branch="false"/>
            <line number="824" hits="4" branch="false"/>
            <line number="825" hits="4" branch="false"/>
            <line number="826" hits="4" branch="false"/>
            <line number="827" hits="4" branch="false"/>
            <line number="828" hits="4" branch="false"/>
            <line number="829" hits="293" branch="true" condition-coverage="100% (1/1)"/>
            <line number="830" hits="477" branch="true" condition-coverage="100% (1/1)"/>
            <line number="831" hits="12" branch="false"/>
            <line number="832" hits="12" branch="false"/>
            <line number="833" hits="12" branch="false"/>
            <line number="834" hits="12" branch="false"/>
            <line number="835" hits="12" branch="false"/>
            <line number="836" hits="477" branch="false"/>
            <line number="837" hits="505" branch="true" condition-coverage="100% (1/1)"/>
            <line number="838" hits="711" branch="true" condition-coverage="0% (0/1)"/>
            <line number="839" hits="0" branch="false"/>
            <line number="840" hits="0" branch="false"/>
            <line number="841" hits="711" branch="true" condition-coverage="100% (2/2)"/>
            <line number="842" hits="339" branch="false"/>
            <line number="843" hits="339" branch="false"/>
            <line number="844" hits="339" branch="false"/>
            <line number="845" hits="339" branch="false"/>
            <line number="846" hits="711" branch="true" condition-coverage="100% (1/1)"/>
            <line number="847" hits="166" branch="false"/>
            <line number="848" hits="166" branch="false"/>
            <line number="849" hits="505" branch="true" condition-coverage="100% (1/1)"/>
            <line number="850" hits="505" branch="false"/>
            <line number="851" hits="0" branch="false"/>
            <line number="852" hits="0" branch="false"/>
            <line number="853" hits="0" branch="false"/>
            <line number="854" hits="0" branch="false"/>
            <line number="855" hits="0" branch="false"/>
            <line number="856" hits="0" branch="false"/>
            <line number="857" hits="0" branch="false"/>
            <line number="858" hits="505" branch="false"/>
            <line number="859" hits="505" branch="false"/>
            <line number="860" hits="505" branch="false"/>
            <line number="861" hits="711" branch="true" condition-coverage="100% (1/1)"/>
            <line number="862" hits="98" branch="false"/>
            <line number="863" hits="98" branch="false"/>
            <line number="864" hits="98" branch="false"/>
            <line number="865" hits="711" branch="true" condition-coverage="100% (3/3)"/>
            <line number="866" hits="82" branch="true" condition-coverage="100% (1/1)"/>
            <line number="867" hits="62" branch="false"/>
            <line number="868" hits="62" branch="false"/>
            <line number="869" hits="62" branch="true" condition-coverage="100% (1/1)"/>
            <line number="870" hits="62" branch="false"/>
            <line number="871" hits="62" branch="true" condition-coverage="0% (0/1)"/>
            <line number="872" hits="62" branch="false"/>
            <line number="873" hits="62" branch="false"/>
            <line number="874" hits="62" branch="false"/>
            <line number="875" hits="62" branch="false"/>
            <line number="876" hits="82" branch="true" condition-coverage="100% (1/1)"/>
            <line number="877" hits="20" branch="false"/>
            <line number="878" hits="20" branch="true" condition-coverage="100% (1/1)"/>
            <line number="879" hits="20" branch="false"/>
            <line number="880" hits="20" branch="true" condition-coverage="0% (0/1)"/>
            <line number="881" hits="20" branch="false"/>
            <line number="882" hits="20" branch="false"/>
            <line number="883" hits="20" branch="false"/>
            <line number="884" hits="20" branch="false"/>
            <line number="885" hits="82" branch="false"/>
            <line number="886" hits="505" branch="true" condition-coverage="100% (1/1)"/>
            <line number="887" hits="711" branch="true" condition-coverage="100% (1/1)"/>
            <line number="888" hits="8" branch="false"/>
            <line number="889" hits="8" branch="false"/>
            <line number="890" hits="8" branch="false"/>
            <line number="891" hits="505" branch="true" condition-coverage="100% (1/1)"/>
            <line number="892" hits="505" branch="false"/>
            <line number="893" hits="505" branch="false"/>
            <line number="894" hits="505" branch="false"/>
            <line number="895" hits="505" branch="false"/>
            <line number="896" hits="0" branch="true" condition-coverage="0% (0/1)"/>
            <line number="897" hits="1" branch="false"/>
            <line number="898" hits="1" branch="false"/>
          </lines>
        </class>
      </classes>
    </package>
    <package name="asm80-core.utils" line-rate="0.9582999999999999" branch-rate="0.7317">
      <classes>
        <class name="base64escaped.js" filename="utils\base64escaped.js" line-rate="1" branch-rate="1">
          <methods>
            <method name="btoax" hits="50" signature="()V">
              <lines>
                <line number="1" hits="50"/>
              </lines>
            </method>
            <method name="atobx" hits="53" signature="()V">
              <lines>
                <line number="2" hits="53"/>
              </lines>
            </method>
          </methods>
          <lines>
            <line number="1" hits="1" branch="true" condition-coverage="100% (2/2)"/>
            <line number="2" hits="1" branch="true" condition-coverage="100% (1/1)"/>
          </lines>
        </class>
        <class name="fp.js" filename="utils\fp.js" line-rate="0.9024" branch-rate="0.42100000000000004">
          <methods>
            <method name="fptozx" hits="3" signature="()V">
              <lines>
                <line number="1" hits="3"/>
              </lines>
            </method>
            <method name="bit32" hits="3" signature="()V">
              <lines>
                <line number="9" hits="3"/>
              </lines>
            </method>
          </methods>
          <lines>
            <line number="1" hits="1" branch="true" condition-coverage="100% (2/2)"/>
            <line number="2" hits="3" branch="true" condition-coverage="0% (0/1)"/>
            <line number="3" hits="3" branch="false"/>
            <line number="4" hits="3" branch="true" condition-coverage="0% (0/1)"/>
            <line number="5" hits="3" branch="true" condition-coverage="0% (0/4)"/>
            <line number="6" hits="0" branch="false"/>
            <line number="7" hits="0" branch="false"/>
            <line number="8" hits="0" branch="false"/>
            <line number="9" hits="3" branch="true" condition-coverage="100% (1/1)"/>
            <line number="10" hits="3" branch="false"/>
            <line number="11" hits="3" branch="false"/>
            <line number="12" hits="3" branch="true" condition-coverage="100% (1/1)"/>
            <line number="13" hits="96" branch="false"/>
            <line number="14" hits="96" branch="false"/>
            <line number="15" hits="96" branch="true" condition-coverage="100% (1/1)"/>
            <line number="16" hits="11" branch="false"/>
            <line number="17" hits="11" branch="false"/>
            <line number="18" hits="11" branch="false"/>
            <line number="19" hits="96" branch="true" condition-coverage="0% (0/2)"/>
            <line number="20" hits="96" branch="true" condition-coverage="100% (1/1)"/>
            <line number="21" hits="96" branch="false"/>
            <line number="22" hits="96" branch="true" condition-coverage="100% (1/1)"/>
            <line number="23" hits="12" branch="false"/>
            <line number="24" hits="12" branch="false"/>
            <line number="25" hits="12" branch="false"/>
            <line number="26" hits="12" branch="false"/>
            <line number="27" hits="96" branch="false"/>
            <line number="28" hits="3" branch="false"/>
            <line number="29" hits="3" branch="false"/>
            <line number="30" hits="3" branch="false"/>
            <line number="31" hits="3" branch="true" condition-coverage="0% (0/1)"/>
            <line number="32" hits="3" branch="true" condition-coverage="0% (0/1)"/>
            <line number="33" hits="3" branch="false"/>
            <line number="34" hits="3" branch="true" condition-coverage="0% (0/1)"/>
            <line number="35" hits="0" branch="false"/>
            <line number="36" hits="3" branch="false"/>
            <line number="37" hits="3" branch="true" condition-coverage="100% (1/1)"/>
            <line number="38" hits="3" branch="false"/>
            <line number="39" hits="3" branch="false"/>
            <line number="40" hits="3" branch="false"/>
            <line number="41" hits="1" branch="false"/>
          </lines>
        </class>
        <class name="utils.js" filename="utils\utils.js" line-rate="1" branch-rate="1">
          <methods>
            <method name="norm" hits="44" signature="()V">
              <lines>
                <line number="1" hits="44"/>
              </lines>
            </method>
            <method name="nonempty" hits="44" signature="()V">
              <lines>
                <line number="21" hits="44"/>
              </lines>
            </method>
            <method name="toInternal" hits="44" signature="()V">
              <lines>
                <line number="32" hits="44"/>
              </lines>
            </method>
            <method name="toHexN" hits="3315" signature="()V">
              <lines>
                <line number="42" hits="3315"/>
              </lines>
            </method>
            <method name="toHex2" hits="1952" signature="()V">
              <lines>
                <line number="50" hits="1952"/>
              </lines>
            </method>
            <method name="toHex4" hits="1363" signature="()V">
              <lines>
                <line number="51" hits="1363"/>
              </lines>
            </method>
            <method name="toHex6" hits="0" signature="()V">
              <lines>
                <line number="52" hits="0"/>
              </lines>
            </method>
            <method name="toHex8" hits="0" signature="()V">
              <lines>
                <line number="53" hits="0"/>
              </lines>
            </method>
          </methods>
          <lines>
            <line number="1" hits="1" branch="true" condition-coverage="100% (2/2)"/>
            <line number="2" hits="44" branch="true" condition-coverage="100% (1/1)"/>
            <line number="3" hits="564" branch="false"/>
            <line number="4" hits="564" branch="false"/>
            <line number="5" hits="564" branch="false"/>
            <line number="6" hits="564" branch="true" condition-coverage="100% (1/1)"/>
            <line number="7" hits="20" branch="false"/>
            <line number="8" hits="20" branch="false"/>
            <line number="9" hits="564" branch="false"/>
            <line number="10" hits="564" branch="true" condition-coverage="100% (1/1)"/>
            <line number="11" hits="395" branch="false"/>
            <line number="12" hits="395" branch="false"/>
            <line number="13" hits="564" branch="true" condition-coverage="100% (2/2)"/>
            <line number="14" hits="458" branch="false"/>
            <line number="15" hits="458" branch="false"/>
            <line number="16" hits="169" branch="true" condition-coverage="100% (1/1)"/>
            <line number="17" hits="169" branch="false"/>
            <line number="18" hits="1" branch="false"/>
            <line number="19" hits="1" branch="false"/>
            <line number="20" hits="1" branch="false"/>
            <line number="21" hits="1" branch="true" condition-coverage="100% (1/1)"/>
            <line number="22" hits="44" branch="true" condition-coverage="100% (1/1)"/>
            <line number="23" hits="592" branch="false"/>
            <line number="24" hits="592" branch="true" condition-coverage="100% (1/1)"/>
            <line number="25" hits="511" branch="false"/>
            <line number="26" hits="511" branch="false"/>
            <line number="27" hits="592" branch="true" condition-coverage="100% (2/2)"/>
            <line number="28" hits="1" branch="false"/>
            <line number="29" hits="1" branch="false"/>
            <line number="30" hits="1" branch="false"/>
            <line number="31" hits="1" branch="false"/>
            <line number="32" hits="1" branch="true" condition-coverage="100% (1/1)"/>
            <line number="33" hits="44" branch="false"/>
            <line number="34" hits="44" branch="true" condition-coverage="100% (1/1)"/>
            <line number="35" hits="592" branch="false"/>
            <line number="36" hits="592" branch="false"/>
            <line number="37" hits="592" branch="false"/>
            <line number="38" hits="592" branch="false"/>
            <line number="39" hits="44" branch="false"/>
            <line number="40" hits="1" branch="false"/>
            <line number="41" hits="1" branch="false"/>
            <line number="42" hits="1" branch="true" condition-coverage="100% (1/1)"/>
            <line number="43" hits="3315" branch="false"/>
            <line number="44" hits="3315" branch="true" condition-coverage="100% (1/1)"/>
            <line number="45" hits="2928" branch="false"/>
            <line number="46" hits="2928" branch="false"/>
            <line number="47" hits="3315" branch="false"/>
            <line number="48" hits="1" branch="false"/>
            <line number="49" hits="1" branch="false"/>
            <line number="50" hits="1" branch="true" condition-coverage="100% (1/1)"/>
            <line number="51" hits="1" branch="true" condition-coverage="100% (1/1)"/>
            <line number="52" hits="1" branch="false"/>
            <line number="53" hits="1" branch="false"/>
          </lines>
        </class>
      </classes>
    </package>
  </packages>
</coverage>
